MPASM 5.87                          MAIN.ASM   6-27-2020  17:55:02         PAGE  1


LOC  OBJECT CODE     LINE SOURCE TEXT
  VALUE

                      00001 ; TODO INSERT CONFIG CODE HERE USING CONFIG BITS GENERATOR    
                      00002 ; PIC16F877A Configuration Bit Settings
                      00003 ; Assembly source line config statements
                      00004 
                      00005 #include "p16f877a.inc"
                      00001         LIST
                      00002 
                      00003 ;==========================================================================
                      00004 ; Build date : Jan 06 2020
                      00005 ;  MPASM PIC16F877A processor include
                      00006 ; 
                      00007 ;  (c) Copyright 1999-2020 Microchip Technology, All rights reserved
                      00008 ;==========================================================================
                      00009 
                      00567         LIST
                      00006 
                      00007 ; CONFIG
                      00008 ; __config 0x3F39
2007   3F39           00009  __CONFIG _FOSC_XT & _WDTE_OFF & _PWRTE_OFF & _BOREN_OFF & _LVP_OFF & _CPD_OFF & _WRT_OFF & _CP_OFF
                      00010 
                      00011  
                      00012 RES_VECT  CODE    0x0000            ; processor reset vector
0000   2???           00013     GOTO    START                   ; go to beginning of program
                      00014 IRQ     CODE    0X04
0004   2???           00015         GOTO    IRQ_ROUTINE
                      00016 
                      00017 ; TODO ADD INTERRUPTS HERE IF USED
                      00018 
                      00019 MAIN_PROG CODE                      ; let linker place main program
                      00020 
                      00021  #DEFINE    CONTA           0X20
                      00022  #DEFINE    CONTA2          0X21
                      00023  #DEFINE    LED_RED_1       PORTC,0
                      00024  #DEFINE    LED_GREEN_1     PORTC,1
                      00025  #DEFINE    LED_RED_2       PORTC,3
                      00026  #DEFINE    LED_GREEN_2     PORTC,4
                      00027  
0000                  00028 START
                      00029      
0000   1683           00030     BSF     STATUS,RP0
0001   1303           00031     BCF     STATUS,RP1
Message[302]: Register in operand not in bank 0.  Ensure that bank bits are correct.
0002   0187           00032     CLRF    TRISC
0003   3007           00033     MOVLW   b'00000111'
Message[302]: Register in operand not in bank 0.  Ensure that bank bits are correct.
0004   0081           00034     MOVWF   OPTION_REG
0005   1283           00035     BCF     STATUS,RP0
0006   1303           00036     BCF     STATUS,RP1
0007   30A0           00037     MOVLW   b'10100000' ;modificado
0008   008B           00038     MOVWF   INTCON
0009   0187           00039     CLRF    PORTC
000A   01A0           00040     CLRF    CONTA
000B   01A1           00041     CLRF    CONTA2
MPASM 5.87                          MAIN.ASM   6-27-2020  17:55:02         PAGE  2


LOC  OBJECT CODE     LINE SOURCE TEXT
  VALUE

000C   3041           00042     MOVLW   .65
000D   0081           00043     MOVWF   TMR0
                      00044     
000E                  00045 LOOP_1:
000E   2???           00046     CALL    viaEspera
000F   0821           00047     MOVF    CONTA2,W
0010   3A03           00048     XORLW   .3
0011   1D03           00049     BTFSS   STATUS,Z
0012   2???           00050     GOTO    LOOP_1
0013   01A1           00051     CLRF    CONTA2
                      00052 
0014                  00053 LOOP_2:
0014   2???           00054     CALL    viaAncha
0015   0821           00055     MOVF    CONTA2,W
0016   3C18           00056     SUBLW   .24
0017   1803           00057     BTFSC   STATUS,C
0018   2???           00058     GOTO    LOOP_2
0019   01A1           00059     CLRF    CONTA2
                      00060     
001A                  00061 LOOP_3:
001A   2???           00062     CALL    viaEspera
001B   0821           00063     MOVF    CONTA2,W
001C   3A03           00064     XORLW   .3
001D   1D03           00065     BTFSS   STATUS,Z
001E   2???           00066     GOTO    LOOP_3
001F   01A1           00067     CLRF    CONTA2
                      00068 
0020                  00069 LOOP_4:    
0020   2???           00070     CALL    viaAngosta
0021   0821           00071     MOVF    CONTA2,W
0022   3C10           00072     SUBLW   .16
0023   1803           00073     BTFSC   STATUS,C
0024   2???           00074     GOTO    LOOP_4
0025   01A1           00075     CLRF    CONTA2
0026   2???           00076     GOTO    LOOP_1
                      00077     
0027                  00078 viaEspera:
0027   1407           00079     BSF     LED_RED_1
0028   1487           00080     BSF     LED_GREEN_1
0029   1587           00081     BSF     LED_RED_2
002A   1607           00082     BSF     LED_GREEN_2
002B   0008           00083     RETURN
                      00084 
002C                  00085 viaAncha:
002C   1007           00086     BCF     LED_RED_1
002D   1487           00087     BSF     LED_GREEN_1
002E   1587           00088     BSF     LED_RED_2
002F   1207           00089     BCF     LED_GREEN_2
0030   0008           00090     RETURN
                      00091 
0031                  00092 viaAngosta:
0031   1407           00093     BSF     LED_RED_1
0032   1087           00094     BCF     LED_GREEN_1
MPASM 5.87                          MAIN.ASM   6-27-2020  17:55:02         PAGE  3


LOC  OBJECT CODE     LINE SOURCE TEXT
  VALUE

0033   1187           00095     BCF     LED_RED_2
0034   1607           00096     BSF     LED_GREEN_2
0035   0008           00097     RETURN
                      00098 
0036                  00099 IRQ_ROUTINE:
0036   110B           00100     BCF     INTCON,TMR0IF
0037   303D           00101     MOVLW   .61
0038   0081           00102     MOVWF   TMR0
Message[305]: Using default destination of 1 (file).
0039   0AA0           00103     INCF    CONTA
003A   0820           00104     MOVF    CONTA,W
003B   3A0A           00105     XORLW   .10
003C   1D03           00106     BTFSS   STATUS,Z
003D   0009           00107     RETFIE
Message[305]: Using default destination of 1 (file).
003E   0AA1           00108     INCF    CONTA2
003F   01A0           00109     CLRF    CONTA
0040   0009           00110     RETFIE
                      00111 
3F39                  00112     END
MPASM 5.87                          MAIN.ASM   6-27-2020  17:55:02         PAGE  4


SYMBOL TABLE
  LABEL                             VALUE 

ACKDT                             00000005
ACKEN                             00000004
ACKSTAT                           00000006
ADCON0                            0000001F
ADCON1                            0000009F
ADCS0                             00000006
ADCS1                             00000007
ADCS2                             00000006
ADDEN                             00000003
ADFM                              00000007
ADIE                              00000006
ADIF                              00000006
ADON                              00000000
ADRESH                            0000001E
ADRESL                            0000009E
BCLIE                             00000003
BCLIF                             00000003
BF                                00000000
BRGH                              00000002
C                                 00000000
C1INV                             00000004
C1OUT                             00000006
C2INV                             00000005
C2OUT                             00000007
CCP1CON                           00000017
CCP1IE                            00000002
CCP1IF                            00000002
CCP1M0                            00000000
CCP1M1                            00000001
CCP1M2                            00000002
CCP1M3                            00000003
CCP1X                             00000005
CCP1Y                             00000004
CCP2CON                           0000001D
CCP2IE                            00000000
CCP2IF                            00000000
CCP2M0                            00000000
CCP2M1                            00000001
CCP2M2                            00000002
CCP2M3                            00000003
CCP2X                             00000005
CCP2Y                             00000004
CCPR1                             00000015
CCPR1H                            00000016
CCPR1L                            00000015
CCPR2                             0000001B
CCPR2H                            0000001C
CCPR2L                            0000001B
CHS0                              00000003
CHS1                              00000004
CHS2                              00000005
CIS                               00000003
CKE                               00000006
MPASM 5.87                          MAIN.ASM   6-27-2020  17:55:02         PAGE  5


SYMBOL TABLE
  LABEL                             VALUE 

CKP                               00000004
CM0                               00000000
CM1                               00000001
CM2                               00000002
CMCON                             0000009C
CMIE                              00000006
CMIF                              00000006
CONTA                             0X20
CONTA2                            0X21
CREN                              00000004
CSRC                              00000007
CVR0                              00000000
CVR1                              00000001
CVR2                              00000002
CVR3                              00000003
CVRCON                            0000009D
CVREN                             00000007
CVROE                             00000006
CVRR                              00000005
D                                 00000005
DATA_ADDRESS                      00000005
DC                                00000001
D_A                               00000005
D_NOT_A                           00000005
EEADR                             0000010D
EEADRH                            0000010F
EECON1                            0000018C
EECON2                            0000018D
EEDATA                            0000010C
EEDATH                            0000010E
EEIE                              00000004
EEIF                              00000004
EEPGD                             00000007
F                                 00000001
FERR                              00000002
FSR                               00000004
GCEN                              00000007
GIE                               00000007
GO                                00000002
GO_DONE                           00000002
GO_NOT_DONE                       00000002
I2C_DATA                          00000005
I2C_READ                          00000002
I2C_START                         00000003
I2C_STOP                          00000004
IBF                               00000007
IBOV                              00000005
INDF                              00000000
INTCON                            0000000B
INTE                              00000004
INTEDG                            00000006
INTF                              00000001
IRP                               00000007
MPASM 5.87                          MAIN.ASM   6-27-2020  17:55:02         PAGE  6


SYMBOL TABLE
  LABEL                             VALUE 

IRQ_ROUTINE                       00000036
LED_GREEN_1                       PORTC,1
LED_GREEN_2                       PORTC,4
LED_RED_1                         PORTC,0
LED_RED_2                         PORTC,3
LOOP_1                            0000000E
LOOP_2                            00000014
LOOP_3                            0000001A
LOOP_4                            00000020
NOT_A                             00000005
NOT_ADDRESS                       00000005
NOT_BO                            00000000
NOT_BOR                           00000000
NOT_DONE                          00000002
NOT_PD                            00000003
NOT_POR                           00000001
NOT_RBPU                          00000007
NOT_RC8                           00000006
NOT_T1SYNC                        00000002
NOT_TO                            00000004
NOT_TX8                           00000006
NOT_W                             00000002
NOT_WRITE                         00000002
OBF                               00000006
OERR                              00000001
OPTION_REG                        00000081
P                                 00000004
PCFG0                             00000000
PCFG1                             00000001
PCFG2                             00000002
PCFG3                             00000003
PCL                               00000002
PCLATH                            0000000A
PCON                              0000008E
PEIE                              00000006
PEN                               00000002
PIE1                              0000008C
PIE2                              0000008D
PIR1                              0000000C
PIR2                              0000000D
PORTA                             00000005
PORTB                             00000006
PORTC                             00000007
PORTD                             00000008
PORTE                             00000009
PR2                               00000092
PS0                               00000000
PS1                               00000001
PS2                               00000002
PSA                               00000003
PSPIE                             00000007
PSPIF                             00000007
PSPMODE                           00000004
MPASM 5.87                          MAIN.ASM   6-27-2020  17:55:02         PAGE  7


SYMBOL TABLE
  LABEL                             VALUE 

R                                 00000002
RA0                               00000000
RA1                               00000001
RA2                               00000002
RA3                               00000003
RA4                               00000004
RA5                               00000005
RB0                               00000000
RB1                               00000001
RB2                               00000002
RB3                               00000003
RB4                               00000004
RB5                               00000005
RB6                               00000006
RB7                               00000007
RBIE                              00000003
RBIF                              00000000
RC0                               00000000
RC1                               00000001
RC2                               00000002
RC3                               00000003
RC4                               00000004
RC5                               00000005
RC6                               00000006
RC7                               00000007
RC8_9                             00000006
RC9                               00000006
RCD8                              00000000
RCEN                              00000003
RCIE                              00000005
RCIF                              00000005
RCREG                             0000001A
RCSTA                             00000018
RD                                00000000
RD0                               00000000
RD1                               00000001
RD2                               00000002
RD3                               00000003
RD4                               00000004
RD5                               00000005
RD6                               00000006
RD7                               00000007
RE0                               00000000
RE1                               00000001
RE2                               00000002
READ_WRITE                        00000002
RP0                               00000005
RP1                               00000006
RSEN                              00000001
RX9                               00000006
RX9D                              00000000
R_NOT_W                           00000002
R_W                               00000002
MPASM 5.87                          MAIN.ASM   6-27-2020  17:55:02         PAGE  8


SYMBOL TABLE
  LABEL                             VALUE 

S                                 00000003
SEN                               00000000
SMP                               00000007
SPBRG                             00000099
SPEN                              00000007
SREN                              00000005
SSPADD                            00000093
SSPBUF                            00000013
SSPCON                            00000014
SSPCON2                           00000091
SSPEN                             00000005
SSPIE                             00000003
SSPIF                             00000003
SSPM0                             00000000
SSPM1                             00000001
SSPM2                             00000002
SSPM3                             00000003
SSPOV                             00000006
SSPSTAT                           00000094
START                             00000000
STATUS                            00000003
SYNC                              00000004
T0CS                              00000005
T0IE                              00000005
T0IF                              00000002
T0SE                              00000004
T1CKPS0                           00000004
T1CKPS1                           00000005
T1CON                             00000010
T1INSYNC                          00000002
T1OSCEN                           00000003
T1SYNC                            00000002
T2CKPS0                           00000000
T2CKPS1                           00000001
T2CON                             00000012
TMR0                              00000001
TMR0IE                            00000005
TMR0IF                            00000002
TMR1                              0000000E
TMR1CS                            00000001
TMR1H                             0000000F
TMR1IE                            00000000
TMR1IF                            00000000
TMR1L                             0000000E
TMR1ON                            00000000
TMR2                              00000011
TMR2IE                            00000001
TMR2IF                            00000001
TMR2ON                            00000002
TOUTPS0                           00000003
TOUTPS1                           00000004
TOUTPS2                           00000005
TOUTPS3                           00000006
MPASM 5.87                          MAIN.ASM   6-27-2020  17:55:02         PAGE  9


SYMBOL TABLE
  LABEL                             VALUE 

TRISA                             00000085
TRISA0                            00000000
TRISA1                            00000001
TRISA2                            00000002
TRISA3                            00000003
TRISA4                            00000004
TRISA5                            00000005
TRISB                             00000086
TRISB0                            00000000
TRISB1                            00000001
TRISB2                            00000002
TRISB3                            00000003
TRISB4                            00000004
TRISB5                            00000005
TRISB6                            00000006
TRISB7                            00000007
TRISC                             00000087
TRISC0                            00000000
TRISC1                            00000001
TRISC2                            00000002
TRISC3                            00000003
TRISC4                            00000004
TRISC5                            00000005
TRISC6                            00000006
TRISC7                            00000007
TRISD                             00000088
TRISD0                            00000000
TRISD1                            00000001
TRISD2                            00000002
TRISD3                            00000003
TRISD4                            00000004
TRISD5                            00000005
TRISD6                            00000006
TRISD7                            00000007
TRISE                             00000089
TRISE0                            00000000
TRISE1                            00000001
TRISE2                            00000002
TRMT                              00000001
TX8_9                             00000006
TX9                               00000006
TX9D                              00000000
TXD8                              00000000
TXEN                              00000005
TXIE                              00000004
TXIF                              00000004
TXREG                             00000019
TXSTA                             00000098
UA                                00000001
W                                 00000000
WCOL                              00000007
WR                                00000001
WREN                              00000002
MPASM 5.87                          MAIN.ASM   6-27-2020  17:55:02         PAGE 10


SYMBOL TABLE
  LABEL                             VALUE 

WRERR                             00000003
Z                                 00000002
_BODEN_OFF                        00003FBF
_BODEN_ON                         00003FFF
_BOREN_OFF                        00003FBF
_BOREN_ON                         00003FFF
_CONFIG                           00002007
_CPD_OFF                          00003FFF
_CPD_ON                           00003EFF
_CP_ALL                           00001FFF
_CP_OFF                           00003FFF
_CP_ON                            00001FFF
_DEBUG_OFF                        00003FFF
_DEBUG_ON                         000037FF
_DEVID1                           00002006
_FOSC_EXTRC                       00003FFF
_FOSC_HS                          00003FFE
_FOSC_LP                          00003FFC
_FOSC_XT                          00003FFD
_HS_OSC                           00003FFE
_IDLOC0                           00002000
_IDLOC1                           00002001
_IDLOC2                           00002002
_IDLOC3                           00002003
_LP_OSC                           00003FFC
_LVP_OFF                          00003F7F
_LVP_ON                           00003FFF
_PWRTE_OFF                        00003FFF
_PWRTE_ON                         00003FF7
_RC_OSC                           00003FFF
_WDTE_OFF                         00003FFB
_WDTE_ON                          00003FFF
_WDT_OFF                          00003FFB
_WDT_ON                           00003FFF
_WRT_1FOURTH                      00003BFF
_WRT_256                          00003DFF
_WRT_HALF                         000039FF
_WRT_OFF                          00003FFF
_XT_OSC                           00003FFD
__16F877A                         00000001
viaAncha                          0000002C
viaAngosta                        00000031
viaEspera                         00000027

Errors   :     0
Warnings :     0 reported,     0 suppressed
Messages :     4 reported,     0 suppressed

